<?xml version="1.0" encoding="UTF-8"?>
<!-- Generated by org.testng.reporters.JUnitXMLReporter -->
<testsuite hostname="KULANDASAMYC" ignored="1" name="Default test" tests="1" failures="0" timestamp="13 May 2019 10:44:05 GMT" time="209.57" errors="0">
  <testcase name="ProdExecution" time="173.362" classname="LanuchApplication.Execute"/>
  <testcase name="StageExecution" time="0.0" classname="LanuchApplication.Execute">
    <ignored/>
  </testcase> <!-- StageExecution -->
</testsuite> <!-- Default test -->
