<?xml version="1.0" encoding="UTF-8"?>
<testng-results skipped="0" failed="0" ignored="1" total="2" passed="1">
  <reporter-output>
  </reporter-output>
  <suite name="Default suite" duration-ms="209570" started-at="2019-05-13T10:40:35Z" finished-at="2019-05-13T10:44:05Z">
    <groups>
    </groups>
    <test name="Default test" duration-ms="209570" started-at="2019-05-13T10:40:35Z" finished-at="2019-05-13T10:44:05Z">
      <class name="LanuchApplication.Execute">
        <test-method status="PASS" signature="clearExcelSheet()[pri:0, instance:LanuchApplication.Execute@4883b407]" name="clearExcelSheet" is-config="true" duration-ms="35796" started-at="2019-05-13T10:40:35Z" finished-at="2019-05-13T10:41:11Z">
          <reporter-output>
          </reporter-output>
        </test-method> <!-- clearExcelSheet -->
        <test-method status="PASS" signature="ProdExecution()[pri:1, instance:LanuchApplication.Execute@4883b407]" name="ProdExecution" duration-ms="173362" started-at="2019-05-13T10:41:11Z" finished-at="2019-05-13T10:44:05Z">
          <reporter-output>
          </reporter-output>
        </test-method> <!-- ProdExecution -->
        <test-method status="PASS" signature="sendEmailReport()[pri:0, instance:LanuchApplication.Execute@4883b407]" name="sendEmailReport" is-config="true" duration-ms="293" started-at="2019-05-13T10:44:05Z" finished-at="2019-05-13T10:44:05Z">
          <reporter-output>
          </reporter-output>
        </test-method> <!-- sendEmailReport -->
      </class> <!-- LanuchApplication.Execute -->
    </test> <!-- Default test -->
  </suite> <!-- Default suite -->
</testng-results>
