<?xml version="1.0" encoding="UTF-8"?>
<testng-results skipped="0" failed="0" ignored="0" total="2" passed="2">
  <reporter-output>
  </reporter-output>
  <suite name="Default suite" duration-ms="461837" started-at="2019-01-10T07:32:12Z" finished-at="2019-01-10T07:39:53Z">
    <groups>
    </groups>
    <test name="Default test" duration-ms="461837" started-at="2019-01-10T07:32:12Z" finished-at="2019-01-10T07:39:53Z">
      <class name="LanuchApplication.Execute_RD_Only">
        <test-method status="PASS" signature="clearExcelSheet()[pri:0, instance:LanuchApplication.Execute_RD_Only@4883b407]" name="clearExcelSheet" is-config="true" duration-ms="30781" started-at="2019-01-10T07:32:12Z" finished-at="2019-01-10T07:32:42Z">
          <reporter-output>
          </reporter-output>
        </test-method> <!-- clearExcelSheet -->
        <test-method status="PASS" signature="StageExecution()[pri:0, instance:LanuchApplication.Execute_RD_Only@4883b407]" name="StageExecution" duration-ms="171847" started-at="2019-01-10T07:32:42Z" finished-at="2019-01-10T07:35:34Z">
          <reporter-output>
          </reporter-output>
        </test-method> <!-- StageExecution -->
        <test-method status="PASS" signature="ProdExecution()[pri:1, instance:LanuchApplication.Execute_RD_Only@4883b407]" name="ProdExecution" duration-ms="259029" started-at="2019-01-10T07:35:34Z" finished-at="2019-01-10T07:39:53Z">
          <reporter-output>
          </reporter-output>
        </test-method> <!-- ProdExecution -->
        <test-method status="PASS" signature="sendEmailReport()[pri:0, instance:LanuchApplication.Execute_RD_Only@4883b407]" name="sendEmailReport" is-config="true" duration-ms="92" started-at="2019-01-10T07:39:53Z" finished-at="2019-01-10T07:39:53Z">
          <reporter-output>
          </reporter-output>
        </test-method> <!-- sendEmailReport -->
      </class> <!-- LanuchApplication.Execute_RD_Only -->
    </test> <!-- Default test -->
  </suite> <!-- Default suite -->
</testng-results>
